{"D:\\Projects\\Pet-Connect-repo\\Sprint3\\controller\\payments_controller.js": {"path":"D:\\Projects\\Pet-Connect-repo\\Sprint3\\controller\\payments_controller.js","statementMap":{"0":{"start":{"line":2,"column":23},"end":{"line":2,"column":67}},"1":{"start":{"line":7,"column":19},"end":{"line":13,"column":1}},"2":{"start":{"line":9,"column":4},"end":{"line":9,"column":51}},"3":{"start":{"line":10,"column":4},"end":{"line":12,"column":36}},"4":{"start":{"line":12,"column":22},"end":{"line":12,"column":35}},"5":{"start":{"line":15,"column":27},"end":{"line":26,"column":1}},"6":{"start":{"line":16,"column":26},"end":{"line":16,"column":34}},"7":{"start":{"line":18,"column":4},"end":{"line":18,"column":59}},"8":{"start":{"line":19,"column":4},"end":{"line":25,"column":36}},"9":{"start":{"line":22,"column":12},"end":{"line":22,"column":47}},"10":{"start":{"line":23,"column":12},"end":{"line":23,"column":30}},"11":{"start":{"line":25,"column":22},"end":{"line":25,"column":35}},"12":{"start":{"line":30,"column":0},"end":{"line":33,"column":1}}},"fnMap":{"0":{"name":"(anonymous_0)","decl":{"start":{"line":7,"column":19},"end":{"line":7,"column":20}},"loc":{"start":{"line":7,"column":32},"end":{"line":13,"column":1}},"line":7},"1":{"name":"(anonymous_1)","decl":{"start":{"line":12,"column":15},"end":{"line":12,"column":16}},"loc":{"start":{"line":12,"column":22},"end":{"line":12,"column":35}},"line":12},"2":{"name":"(anonymous_2)","decl":{"start":{"line":15,"column":27},"end":{"line":15,"column":28}},"loc":{"start":{"line":15,"column":41},"end":{"line":26,"column":1}},"line":15},"3":{"name":"(anonymous_3)","decl":{"start":{"line":20,"column":14},"end":{"line":20,"column":15}},"loc":{"start":{"line":20,"column":26},"end":{"line":24,"column":9}},"line":20},"4":{"name":"(anonymous_4)","decl":{"start":{"line":25,"column":15},"end":{"line":25,"column":16}},"loc":{"start":{"line":25,"column":22},"end":{"line":25,"column":35}},"line":25}},"branchMap":{},"s":{"0":2,"1":2,"2":1,"3":1,"4":0,"5":2,"6":1,"7":1,"8":1,"9":1,"10":1,"11":0,"12":2},"f":{"0":1,"1":0,"2":1,"3":1,"4":0},"b":{},"_coverageSchema":"1a1c01bbd47fc00a2c39e90264f33305004495a9","hash":"ec5cce3fba8ebfcd4d108d33c4bcdf885a1bc73c"}
,"D:\\Projects\\Pet-Connect-repo\\Sprint3\\controller\\posts_controller.js": {"path":"D:\\Projects\\Pet-Connect-repo\\Sprint3\\controller\\posts_controller.js","statementMap":{"0":{"start":{"line":1,"column":20},"end":{"line":1,"column":61}},"1":{"start":{"line":6,"column":20},"end":{"line":15,"column":1}},"2":{"start":{"line":9,"column":4},"end":{"line":14,"column":36}},"3":{"start":{"line":12,"column":12},"end":{"line":12,"column":27}},"4":{"start":{"line":14,"column":22},"end":{"line":14,"column":35}},"5":{"start":{"line":17,"column":20},"end":{"line":24,"column":1}},"6":{"start":{"line":19,"column":34},"end":{"line":19,"column":42}},"7":{"start":{"line":20,"column":4},"end":{"line":20,"column":52}},"8":{"start":{"line":21,"column":4},"end":{"line":23,"column":36}},"9":{"start":{"line":23,"column":22},"end":{"line":23,"column":35}},"10":{"start":{"line":26,"column":22},"end":{"line":41,"column":1}},"11":{"start":{"line":29,"column":46},"end":{"line":29,"column":54}},"12":{"start":{"line":32,"column":25},"end":{"line":32,"column":47}},"13":{"start":{"line":33,"column":4},"end":{"line":40,"column":36}},"14":{"start":{"line":36,"column":12},"end":{"line":36,"column":26}},"15":{"start":{"line":40,"column":22},"end":{"line":40,"column":35}},"16":{"start":{"line":44,"column":0},"end":{"line":49,"column":1}}},"fnMap":{"0":{"name":"(anonymous_0)","decl":{"start":{"line":6,"column":20},"end":{"line":6,"column":21}},"loc":{"start":{"line":6,"column":34},"end":{"line":15,"column":1}},"line":6},"1":{"name":"(anonymous_1)","decl":{"start":{"line":10,"column":14},"end":{"line":10,"column":15}},"loc":{"start":{"line":10,"column":23},"end":{"line":13,"column":9}},"line":10},"2":{"name":"(anonymous_2)","decl":{"start":{"line":14,"column":15},"end":{"line":14,"column":16}},"loc":{"start":{"line":14,"column":22},"end":{"line":14,"column":35}},"line":14},"3":{"name":"(anonymous_3)","decl":{"start":{"line":17,"column":20},"end":{"line":17,"column":21}},"loc":{"start":{"line":17,"column":34},"end":{"line":24,"column":1}},"line":17},"4":{"name":"(anonymous_4)","decl":{"start":{"line":23,"column":15},"end":{"line":23,"column":16}},"loc":{"start":{"line":23,"column":22},"end":{"line":23,"column":35}},"line":23},"5":{"name":"(anonymous_5)","decl":{"start":{"line":26,"column":22},"end":{"line":26,"column":23}},"loc":{"start":{"line":26,"column":34},"end":{"line":41,"column":1}},"line":26},"6":{"name":"(anonymous_6)","decl":{"start":{"line":34,"column":14},"end":{"line":34,"column":15}},"loc":{"start":{"line":34,"column":24},"end":{"line":39,"column":9}},"line":34},"7":{"name":"(anonymous_7)","decl":{"start":{"line":40,"column":15},"end":{"line":40,"column":16}},"loc":{"start":{"line":40,"column":22},"end":{"line":40,"column":35}},"line":40}},"branchMap":{},"s":{"0":3,"1":3,"2":1,"3":1,"4":0,"5":3,"6":1,"7":1,"8":1,"9":0,"10":3,"11":1,"12":1,"13":1,"14":1,"15":0,"16":3},"f":{"0":1,"1":1,"2":0,"3":1,"4":0,"5":1,"6":1,"7":0},"b":{},"_coverageSchema":"1a1c01bbd47fc00a2c39e90264f33305004495a9","hash":"dd4ed5ac969caeb527a95648112696deee1e022a"}
,"D:\\Projects\\Pet-Connect-repo\\Sprint3\\controller\\products_controller.js": {"path":"D:\\Projects\\Pet-Connect-repo\\Sprint3\\controller\\products_controller.js","statementMap":{"0":{"start":{"line":2,"column":23},"end":{"line":2,"column":67}},"1":{"start":{"line":6,"column":23},"end":{"line":14,"column":1}},"2":{"start":{"line":8,"column":4},"end":{"line":13,"column":36}},"3":{"start":{"line":11,"column":12},"end":{"line":11,"column":30}},"4":{"start":{"line":13,"column":22},"end":{"line":13,"column":35}},"5":{"start":{"line":17,"column":0},"end":{"line":19,"column":1}}},"fnMap":{"0":{"name":"(anonymous_0)","decl":{"start":{"line":6,"column":23},"end":{"line":6,"column":24}},"loc":{"start":{"line":6,"column":36},"end":{"line":14,"column":1}},"line":6},"1":{"name":"(anonymous_1)","decl":{"start":{"line":9,"column":14},"end":{"line":9,"column":15}},"loc":{"start":{"line":9,"column":26},"end":{"line":12,"column":9}},"line":9},"2":{"name":"(anonymous_2)","decl":{"start":{"line":13,"column":15},"end":{"line":13,"column":16}},"loc":{"start":{"line":13,"column":22},"end":{"line":13,"column":35}},"line":13}},"branchMap":{},"s":{"0":1,"1":1,"2":1,"3":1,"4":0,"5":1},"f":{"0":1,"1":1,"2":0},"b":{},"_coverageSchema":"1a1c01bbd47fc00a2c39e90264f33305004495a9","hash":"8e5242b521c434fb61802e39463154cf867b1d52"}
,"D:\\Projects\\Pet-Connect-repo\\Sprint3\\controller\\service_payments_controller.js": {"path":"D:\\Projects\\Pet-Connect-repo\\Sprint3\\controller\\service_payments_controller.js","statementMap":{"0":{"start":{"line":2,"column":31},"end":{"line":2,"column":83}},"1":{"start":{"line":7,"column":27},"end":{"line":16,"column":1}},"2":{"start":{"line":8,"column":26},"end":{"line":8,"column":34}},"3":{"start":{"line":10,"column":4},"end":{"line":15,"column":36}},"4":{"start":{"line":13,"column":12},"end":{"line":13,"column":30}},"5":{"start":{"line":15,"column":22},"end":{"line":15,"column":35}},"6":{"start":{"line":18,"column":20},"end":{"line":24,"column":1}},"7":{"start":{"line":20,"column":4},"end":{"line":20,"column":51}},"8":{"start":{"line":21,"column":4},"end":{"line":23,"column":32}},"9":{"start":{"line":23,"column":18},"end":{"line":23,"column":31}},"10":{"start":{"line":29,"column":0},"end":{"line":32,"column":1}}},"fnMap":{"0":{"name":"(anonymous_0)","decl":{"start":{"line":7,"column":27},"end":{"line":7,"column":28}},"loc":{"start":{"line":7,"column":40},"end":{"line":16,"column":1}},"line":7},"1":{"name":"(anonymous_1)","decl":{"start":{"line":11,"column":14},"end":{"line":11,"column":15}},"loc":{"start":{"line":11,"column":26},"end":{"line":14,"column":9}},"line":11},"2":{"name":"(anonymous_2)","decl":{"start":{"line":15,"column":15},"end":{"line":15,"column":16}},"loc":{"start":{"line":15,"column":22},"end":{"line":15,"column":35}},"line":15},"3":{"name":"(anonymous_3)","decl":{"start":{"line":18,"column":20},"end":{"line":18,"column":21}},"loc":{"start":{"line":18,"column":33},"end":{"line":24,"column":1}},"line":18},"4":{"name":"(anonymous_4)","decl":{"start":{"line":23,"column":11},"end":{"line":23,"column":12}},"loc":{"start":{"line":23,"column":18},"end":{"line":23,"column":31}},"line":23}},"branchMap":{},"s":{"0":2,"1":2,"2":1,"3":1,"4":1,"5":0,"6":2,"7":1,"8":1,"9":0,"10":2},"f":{"0":1,"1":1,"2":0,"3":1,"4":0},"b":{},"_coverageSchema":"1a1c01bbd47fc00a2c39e90264f33305004495a9","hash":"7c3259cead08ae5ec2165ed80a929c6810df3ebb"}
,"D:\\Projects\\Pet-Connect-repo\\Sprint3\\controller\\users_controller.js": {"path":"D:\\Projects\\Pet-Connect-repo\\Sprint3\\controller\\users_controller.js","statementMap":{"0":{"start":{"line":2,"column":20},"end":{"line":2,"column":61}},"1":{"start":{"line":5,"column":18},"end":{"line":24,"column":1}},"2":{"start":{"line":6,"column":32},"end":{"line":6,"column":40}},"3":{"start":{"line":7,"column":4},"end":{"line":7,"column":39}},"4":{"start":{"line":9,"column":4},"end":{"line":23,"column":36}},"5":{"start":{"line":11,"column":12},"end":{"line":21,"column":13}},"6":{"start":{"line":12,"column":16},"end":{"line":18,"column":17}},"7":{"start":{"line":14,"column":20},"end":{"line":14,"column":92}},"8":{"start":{"line":15,"column":20},"end":{"line":15,"column":76}},"9":{"start":{"line":17,"column":20},"end":{"line":17,"column":63}},"10":{"start":{"line":20,"column":16},"end":{"line":20,"column":48}},"11":{"start":{"line":23,"column":22},"end":{"line":23,"column":35}},"12":{"start":{"line":28,"column":15},"end":{"line":47,"column":1}},"13":{"start":{"line":29,"column":18},"end":{"line":29,"column":32}},"14":{"start":{"line":30,"column":4},"end":{"line":30,"column":39}},"15":{"start":{"line":31,"column":4},"end":{"line":46,"column":10}},"16":{"start":{"line":33,"column":12},"end":{"line":33,"column":30}},"17":{"start":{"line":34,"column":12},"end":{"line":45,"column":13}},"18":{"start":{"line":35,"column":16},"end":{"line":41,"column":48}},"19":{"start":{"line":37,"column":24},"end":{"line":37,"column":98}},"20":{"start":{"line":38,"column":24},"end":{"line":38,"column":80}},"21":{"start":{"line":41,"column":34},"end":{"line":41,"column":47}},"22":{"start":{"line":43,"column":16},"end":{"line":43,"column":56}},"23":{"start":{"line":44,"column":16},"end":{"line":44,"column":53}},"24":{"start":{"line":49,"column":20},"end":{"line":59,"column":1}},"25":{"start":{"line":50,"column":26},"end":{"line":50,"column":34}},"26":{"start":{"line":53,"column":4},"end":{"line":58,"column":36}},"27":{"start":{"line":56,"column":12},"end":{"line":56,"column":26}},"28":{"start":{"line":58,"column":22},"end":{"line":58,"column":35}},"29":{"start":{"line":61,"column":22},"end":{"line":70,"column":1}},"30":{"start":{"line":62,"column":57},"end":{"line":62,"column":65}},"31":{"start":{"line":63,"column":4},"end":{"line":63,"column":53}},"32":{"start":{"line":64,"column":4},"end":{"line":69,"column":32}},"33":{"start":{"line":66,"column":8},"end":{"line":66,"column":39}},"34":{"start":{"line":67,"column":8},"end":{"line":67,"column":22}},"35":{"start":{"line":69,"column":18},"end":{"line":69,"column":31}},"36":{"start":{"line":74,"column":0},"end":{"line":79,"column":1}}},"fnMap":{"0":{"name":"(anonymous_0)","decl":{"start":{"line":5,"column":18},"end":{"line":5,"column":19}},"loc":{"start":{"line":5,"column":32},"end":{"line":24,"column":1}},"line":5},"1":{"name":"(anonymous_1)","decl":{"start":{"line":10,"column":14},"end":{"line":10,"column":15}},"loc":{"start":{"line":10,"column":24},"end":{"line":22,"column":9}},"line":10},"2":{"name":"(anonymous_2)","decl":{"start":{"line":23,"column":15},"end":{"line":23,"column":16}},"loc":{"start":{"line":23,"column":22},"end":{"line":23,"column":35}},"line":23},"3":{"name":"(anonymous_3)","decl":{"start":{"line":28,"column":15},"end":{"line":28,"column":16}},"loc":{"start":{"line":28,"column":29},"end":{"line":47,"column":1}},"line":28},"4":{"name":"(anonymous_4)","decl":{"start":{"line":32,"column":14},"end":{"line":32,"column":15}},"loc":{"start":{"line":32,"column":25},"end":{"line":46,"column":9}},"line":32},"5":{"name":"(anonymous_5)","decl":{"start":{"line":36,"column":26},"end":{"line":36,"column":27}},"loc":{"start":{"line":36,"column":36},"end":{"line":40,"column":21}},"line":36},"6":{"name":"(anonymous_6)","decl":{"start":{"line":41,"column":27},"end":{"line":41,"column":28}},"loc":{"start":{"line":41,"column":34},"end":{"line":41,"column":47}},"line":41},"7":{"name":"(anonymous_7)","decl":{"start":{"line":49,"column":20},"end":{"line":49,"column":21}},"loc":{"start":{"line":49,"column":32},"end":{"line":59,"column":1}},"line":49},"8":{"name":"(anonymous_8)","decl":{"start":{"line":54,"column":14},"end":{"line":54,"column":15}},"loc":{"start":{"line":54,"column":22},"end":{"line":57,"column":9}},"line":54},"9":{"name":"(anonymous_9)","decl":{"start":{"line":58,"column":15},"end":{"line":58,"column":16}},"loc":{"start":{"line":58,"column":22},"end":{"line":58,"column":35}},"line":58},"10":{"name":"(anonymous_10)","decl":{"start":{"line":61,"column":22},"end":{"line":61,"column":23}},"loc":{"start":{"line":61,"column":35},"end":{"line":70,"column":1}},"line":61},"11":{"name":"(anonymous_11)","decl":{"start":{"line":65,"column":10},"end":{"line":65,"column":11}},"loc":{"start":{"line":65,"column":20},"end":{"line":68,"column":5}},"line":65},"12":{"name":"(anonymous_12)","decl":{"start":{"line":69,"column":11},"end":{"line":69,"column":12}},"loc":{"start":{"line":69,"column":18},"end":{"line":69,"column":31}},"line":69}},"branchMap":{"0":{"loc":{"start":{"line":11,"column":12},"end":{"line":21,"column":13}},"type":"if","locations":[{"start":{"line":11,"column":12},"end":{"line":21,"column":13}},{"start":{"line":19,"column":19},"end":{"line":21,"column":13}}],"line":11},"1":{"loc":{"start":{"line":12,"column":16},"end":{"line":18,"column":17}},"type":"if","locations":[{"start":{"line":12,"column":16},"end":{"line":18,"column":17}},{"start":{"line":16,"column":23},"end":{"line":18,"column":17}}],"line":12},"2":{"loc":{"start":{"line":34,"column":12},"end":{"line":45,"column":13}},"type":"if","locations":[{"start":{"line":34,"column":12},"end":{"line":45,"column":13}},{"start":{"line":42,"column":19},"end":{"line":45,"column":13}}],"line":34}},"s":{"0":4,"1":4,"2":1,"3":1,"4":1,"5":1,"6":1,"7":1,"8":1,"9":0,"10":0,"11":0,"12":4,"13":1,"14":1,"15":1,"16":1,"17":1,"18":0,"19":0,"20":0,"21":0,"22":1,"23":1,"24":4,"25":1,"26":1,"27":1,"28":0,"29":4,"30":1,"31":1,"32":1,"33":1,"34":1,"35":0,"36":4},"f":{"0":1,"1":1,"2":0,"3":1,"4":1,"5":0,"6":0,"7":1,"8":1,"9":0,"10":1,"11":1,"12":0},"b":{"0":[1,0],"1":[1,0],"2":[0,1]},"_coverageSchema":"1a1c01bbd47fc00a2c39e90264f33305004495a9","hash":"8c6abdc5649bf5416b78574415870c69710aee1e"}
,"D:\\Projects\\Pet-Connect-repo\\Sprint3\\model\\models\\payments_model.js": {"path":"D:\\Projects\\Pet-Connect-repo\\Sprint3\\model\\models\\payments_model.js","statementMap":{"0":{"start":{"line":1,"column":17},"end":{"line":1,"column":36}},"1":{"start":{"line":3,"column":24},"end":{"line":16,"column":1}},"2":{"start":{"line":18,"column":23},"end":{"line":18,"column":66}},"3":{"start":{"line":19,"column":0},"end":{"line":19,"column":31}}},"fnMap":{},"branchMap":{},"s":{"0":2,"1":2,"2":2,"3":2},"f":{},"b":{},"_coverageSchema":"1a1c01bbd47fc00a2c39e90264f33305004495a9","hash":"42f08eab3fa195a45b543cba38f7659e9fbde8c4"}
,"D:\\Projects\\Pet-Connect-repo\\Sprint3\\model\\models\\posts_model.js": {"path":"D:\\Projects\\Pet-Connect-repo\\Sprint3\\model\\models\\posts_model.js","statementMap":{"0":{"start":{"line":1,"column":17},"end":{"line":1,"column":36}},"1":{"start":{"line":3,"column":21},"end":{"line":14,"column":1}},"2":{"start":{"line":16,"column":20},"end":{"line":16,"column":57}},"3":{"start":{"line":17,"column":0},"end":{"line":17,"column":28}}},"fnMap":{},"branchMap":{},"s":{"0":3,"1":3,"2":3,"3":3},"f":{},"b":{},"_coverageSchema":"1a1c01bbd47fc00a2c39e90264f33305004495a9","hash":"323f7ff5c593ecd1117878400ae88fb6bcedbd7a"}
,"D:\\Projects\\Pet-Connect-repo\\Sprint3\\model\\models\\products_model.js": {"path":"D:\\Projects\\Pet-Connect-repo\\Sprint3\\model\\models\\products_model.js","statementMap":{"0":{"start":{"line":1,"column":17},"end":{"line":1,"column":36}},"1":{"start":{"line":3,"column":24},"end":{"line":12,"column":1}},"2":{"start":{"line":14,"column":23},"end":{"line":14,"column":66}},"3":{"start":{"line":15,"column":0},"end":{"line":15,"column":31}}},"fnMap":{},"branchMap":{},"s":{"0":1,"1":1,"2":1,"3":1},"f":{},"b":{},"_coverageSchema":"1a1c01bbd47fc00a2c39e90264f33305004495a9","hash":"60e2fb0f8b7e38d5a069d3c304b1507d7c54ff9f"}
,"D:\\Projects\\Pet-Connect-repo\\Sprint3\\model\\models\\service_payments_model.js": {"path":"D:\\Projects\\Pet-Connect-repo\\Sprint3\\model\\models\\service_payments_model.js","statementMap":{"0":{"start":{"line":1,"column":17},"end":{"line":1,"column":36}},"1":{"start":{"line":3,"column":32},"end":{"line":16,"column":1}},"2":{"start":{"line":18,"column":31},"end":{"line":18,"column":90}},"3":{"start":{"line":19,"column":0},"end":{"line":19,"column":39}}},"fnMap":{},"branchMap":{},"s":{"0":2,"1":2,"2":2,"3":2},"f":{},"b":{},"_coverageSchema":"1a1c01bbd47fc00a2c39e90264f33305004495a9","hash":"2035e7a567e1e218d906eb179bd03f4c31337bfc"}
,"D:\\Projects\\Pet-Connect-repo\\Sprint3\\model\\models\\users_model.js": {"path":"D:\\Projects\\Pet-Connect-repo\\Sprint3\\model\\models\\users_model.js","statementMap":{"0":{"start":{"line":1,"column":17},"end":{"line":1,"column":36}},"1":{"start":{"line":3,"column":21},"end":{"line":14,"column":1}},"2":{"start":{"line":16,"column":20},"end":{"line":16,"column":57}},"3":{"start":{"line":17,"column":0},"end":{"line":17,"column":28}}},"fnMap":{},"branchMap":{},"s":{"0":4,"1":4,"2":4,"3":4},"f":{},"b":{},"_coverageSchema":"1a1c01bbd47fc00a2c39e90264f33305004495a9","hash":"b1dce0a6593606446381a005813952050c205cdb"}
}
