TN:
SF:controller\payments_controller.js
FN:7,(anonymous_0)
FN:12,(anonymous_1)
FN:15,(anonymous_2)
FN:20,(anonymous_3)
FN:25,(anonymous_4)
FNF:5
FNH:3
FNDA:1,(anonymous_0)
FNDA:0,(anonymous_1)
FNDA:1,(anonymous_2)
FNDA:1,(anonymous_3)
FNDA:0,(anonymous_4)
DA:2,2
DA:7,2
DA:9,1
DA:10,1
DA:12,0
DA:15,2
DA:16,1
DA:18,1
DA:19,1
DA:22,1
DA:23,1
DA:25,0
DA:30,2
LF:13
LH:11
BRF:0
BRH:0
end_of_record
TN:
SF:controller\posts_controller.js
FN:6,(anonymous_0)
FN:10,(anonymous_1)
FN:14,(anonymous_2)
FN:17,(anonymous_3)
FN:23,(anonymous_4)
FN:26,(anonymous_5)
FN:34,(anonymous_6)
FN:40,(anonymous_7)
FNF:8
FNH:5
FNDA:1,(anonymous_0)
FNDA:1,(anonymous_1)
FNDA:0,(anonymous_2)
FNDA:1,(anonymous_3)
FNDA:0,(anonymous_4)
FNDA:1,(anonymous_5)
FNDA:1,(anonymous_6)
FNDA:0,(anonymous_7)
DA:1,3
DA:6,3
DA:9,1
DA:12,1
DA:14,0
DA:17,3
DA:19,1
DA:20,1
DA:21,1
DA:23,0
DA:26,3
DA:29,1
DA:32,1
DA:33,1
DA:36,1
DA:40,0
DA:44,3
LF:17
LH:14
BRF:0
BRH:0
end_of_record
TN:
SF:controller\products_controller.js
FN:6,(anonymous_0)
FN:9,(anonymous_1)
FN:13,(anonymous_2)
FNF:3
FNH:2
FNDA:1,(anonymous_0)
FNDA:1,(anonymous_1)
FNDA:0,(anonymous_2)
DA:2,1
DA:6,1
DA:8,1
DA:11,1
DA:13,0
DA:17,1
LF:6
LH:5
BRF:0
BRH:0
end_of_record
TN:
SF:controller\service_payments_controller.js
FN:7,(anonymous_0)
FN:11,(anonymous_1)
FN:15,(anonymous_2)
FN:18,(anonymous_3)
FN:23,(anonymous_4)
FNF:5
FNH:3
FNDA:1,(anonymous_0)
FNDA:1,(anonymous_1)
FNDA:0,(anonymous_2)
FNDA:1,(anonymous_3)
FNDA:0,(anonymous_4)
DA:2,2
DA:7,2
DA:8,1
DA:10,1
DA:13,1
DA:15,0
DA:18,2
DA:20,1
DA:21,1
DA:23,0
DA:29,2
LF:11
LH:9
BRF:0
BRH:0
end_of_record
TN:
SF:controller\users_controller.js
FN:5,(anonymous_0)
FN:10,(anonymous_1)
FN:23,(anonymous_2)
FN:28,(anonymous_3)
FN:32,(anonymous_4)
FN:36,(anonymous_5)
FN:41,(anonymous_6)
FN:49,(anonymous_7)
FN:54,(anonymous_8)
FN:58,(anonymous_9)
FN:61,(anonymous_10)
FN:65,(anonymous_11)
FN:69,(anonymous_12)
FNF:13
FNH:8
FNDA:1,(anonymous_0)
FNDA:1,(anonymous_1)
FNDA:0,(anonymous_2)
FNDA:1,(anonymous_3)
FNDA:1,(anonymous_4)
FNDA:0,(anonymous_5)
FNDA:0,(anonymous_6)
FNDA:1,(anonymous_7)
FNDA:1,(anonymous_8)
FNDA:0,(anonymous_9)
FNDA:1,(anonymous_10)
FNDA:1,(anonymous_11)
FNDA:0,(anonymous_12)
DA:2,4
DA:5,4
DA:6,1
DA:7,1
DA:9,1
DA:11,1
DA:12,1
DA:14,1
DA:15,1
DA:17,0
DA:20,0
DA:23,0
DA:28,4
DA:29,1
DA:30,1
DA:31,1
DA:33,1
DA:34,1
DA:35,0
DA:37,0
DA:38,0
DA:41,0
DA:43,1
DA:44,1
DA:49,4
DA:50,1
DA:53,1
DA:56,1
DA:58,0
DA:61,4
DA:62,1
DA:63,1
DA:64,1
DA:66,1
DA:67,1
DA:69,0
DA:74,4
LF:37
LH:28
BRDA:11,0,0,1
BRDA:11,0,1,0
BRDA:12,1,0,1
BRDA:12,1,1,0
BRDA:34,2,0,0
BRDA:34,2,1,1
BRF:6
BRH:3
end_of_record
TN:
SF:model\models\payments_model.js
FNF:0
FNH:0
DA:1,2
DA:3,2
DA:18,2
DA:19,2
LF:4
LH:4
BRF:0
BRH:0
end_of_record
TN:
SF:model\models\posts_model.js
FNF:0
FNH:0
DA:1,3
DA:3,3
DA:16,3
DA:17,3
LF:4
LH:4
BRF:0
BRH:0
end_of_record
TN:
SF:model\models\products_model.js
FNF:0
FNH:0
DA:1,1
DA:3,1
DA:14,1
DA:15,1
LF:4
LH:4
BRF:0
BRH:0
end_of_record
TN:
SF:model\models\service_payments_model.js
FNF:0
FNH:0
DA:1,2
DA:3,2
DA:18,2
DA:19,2
LF:4
LH:4
BRF:0
BRH:0
end_of_record
TN:
SF:model\models\users_model.js
FNF:0
FNH:0
DA:1,4
DA:3,4
DA:16,4
DA:17,4
LF:4
LH:4
BRF:0
BRH:0
end_of_record
